<?xml version="1.0" ?>
<coverage branch-rate="0" branches-covered="0" branches-valid="0" complexity="0" line-rate="0" lines-covered="0" lines-valid="95" timestamp="1508319140496" version="4.4.1">
	<!-- Generated by coverage.py: https://coverage.readthedocs.io -->
	<!-- Based on https://raw.githubusercontent.com/cobertura/web/master/htdocs/xml/coverage-04.dtd -->
	<sources>
		<source>C:\Users\Florian\Desktop\5BHIT\SEW\Bruch\bruch</source>
	</sources>
	<packages>
		<package branch-rate="0" complexity="0" line-rate="0" name=".">
			<classes>
				<class branch-rate="0" complexity="0" filename="Bruch.py" line-rate="0" name="Bruch.py">
					<methods/>
					<lines>
						<line hits="0" number="1"/>
						<line hits="0" number="8"/>
						<line hits="0" number="9"/>
						<line hits="0" number="11"/>
						<line hits="0" number="14"/>
						<line hits="0" number="21"/>
						<line hits="0" number="22"/>
						<line hits="0" number="25"/>
						<line hits="0" number="45"/>
						<line hits="0" number="57"/>
						<line hits="0" number="58"/>
						<line hits="0" number="59"/>
						<line hits="0" number="60"/>
						<line hits="0" number="61"/>
						<line hits="0" number="62"/>
						<line hits="0" number="63"/>
						<line hits="0" number="64"/>
						<line hits="0" number="66"/>
						<line hits="0" number="67"/>
						<line hits="0" number="68"/>
						<line hits="0" number="69"/>
						<line hits="0" number="71"/>
						<line hits="0" number="73"/>
						<line hits="0" number="74"/>
						<line hits="0" number="75"/>
						<line hits="0" number="76"/>
						<line hits="0" number="78"/>
						<line hits="0" number="83"/>
						<line hits="0" number="85"/>
						<line hits="0" number="90"/>
						<line hits="0" number="92"/>
						<line hits="0" number="97"/>
						<line hits="0" number="99"/>
						<line hits="0" number="104"/>
						<line hits="0" number="106"/>
						<line hits="0" number="116"/>
						<line hits="0" number="118"/>
						<line hits="0" number="124"/>
						<line hits="0" number="126"/>
						<line hits="0" number="132"/>
						<line hits="0" number="134"/>
						<line hits="0" number="140"/>
						<line hits="0" number="142"/>
						<line hits="0" number="148"/>
						<line hits="0" number="150"/>
						<line hits="0" number="157"/>
						<line hits="0" number="158"/>
						<line hits="0" number="160"/>
						<line hits="0" number="162"/>
						<line hits="0" number="167"/>
						<line hits="0" number="169"/>
						<line hits="0" number="174"/>
						<line hits="0" number="176"/>
						<line hits="0" number="181"/>
						<line hits="0" number="183"/>
						<line hits="0" number="189"/>
						<line hits="0" number="191"/>
						<line hits="0" number="196"/>
						<line hits="0" number="198"/>
						<line hits="0" number="208"/>
						<line hits="0" number="209"/>
						<line hits="0" number="210"/>
						<line hits="0" number="211"/>
						<line hits="0" number="212"/>
						<line hits="0" number="213"/>
						<line hits="0" number="215"/>
						<line hits="0" number="222"/>
						<line hits="0" number="224"/>
						<line hits="0" number="230"/>
						<line hits="0" number="231"/>
						<line hits="0" number="233"/>
						<line hits="0" number="239"/>
						<line hits="0" number="241"/>
						<line hits="0" number="247"/>
						<line hits="0" number="249"/>
						<line hits="0" number="255"/>
						<line hits="0" number="256"/>
						<line hits="0" number="258"/>
						<line hits="0" number="264"/>
						<line hits="0" number="266"/>
						<line hits="0" number="272"/>
						<line hits="0" number="274"/>
						<line hits="0" number="280"/>
						<line hits="0" number="281"/>
						<line hits="0" number="283"/>
						<line hits="0" number="289"/>
						<line hits="0" number="291"/>
						<line hits="0" number="297"/>
						<line hits="0" number="299"/>
						<line hits="0" number="305"/>
						<line hits="0" number="306"/>
						<line hits="0" number="308"/>
						<line hits="0" number="314"/>
						<line hits="0" number="316"/>
						<line hits="0" number="322"/>
					</lines>
				</class>
			</classes>
		</package>
	</packages>
</coverage>
